c:\users\crow1\desktop\unisinos\pg2021-2-main\hellotransforms\exercicio7\debug\vc142.pdb
c:\users\crow1\desktop\unisinos\pg2021-2-main\hellotransforms\exercicio7\debug\vc142.idb
c:\users\crow1\desktop\unisinos\pg2021-2-main\hellotransforms\exercicio7\debug\glad.obj
c:\users\crow1\desktop\unisinos\pg2021-2-main\hellotransforms\exercicio7\debug\origem.obj
c:\users\crow1\documents\github\pg-2021\hellotransforms\exercicio7\debug\vc142.pdb
c:\users\crow1\documents\github\pg-2021\hellotransforms\exercicio7\debug\vc142.idb
c:\users\crow1\documents\github\pg-2021\hellotransforms\exercicio7\debug\glad.obj
c:\users\crow1\documents\github\pg-2021\hellotransforms\exercicio7\debug\stb_image.obj
c:\users\crow1\documents\github\pg-2021\hellotransforms\exercicio7\debug\origem.obj
c:\users\crow1\documents\github\pg-2021\hellotransforms\exercicio7\debug\object.obj
c:\users\crow1\documents\github\ga-pg\ga\exercicio7\debug\vc142.pdb
c:\users\crow1\documents\github\ga-pg\ga\exercicio7\debug\vc142.idb
c:\users\crow1\documents\github\ga-pg\ga\exercicio7\debug\glad.obj
c:\users\crow1\documents\github\ga-pg\ga\exercicio7\debug\stb_image.obj
c:\users\crow1\documents\github\ga-pg\ga\exercicio7\debug\origem.obj
c:\users\crow1\documents\github\ga-pg\ga\exercicio7\debug\object.obj
c:\users\crow1\desktop\ga-pg\ga\exercicio7\debug\vc142.pdb
c:\users\crow1\desktop\ga-pg\ga\exercicio7\debug\vc142.idb
c:\users\crow1\desktop\ga-pg\ga\exercicio7\debug\glad.obj
c:\users\crow1\desktop\ga-pg\ga\exercicio7\debug\stb_image.obj
c:\users\crow1\desktop\ga-pg\ga\exercicio7\debug\origem.obj
c:\users\crow1\desktop\ga-pg\ga\exercicio7\debug\object.obj
c:\users\crow1\desktop\unisinos\pg2021-2-main\hellotransforms\exercicio7\debug\hellotransforms.ilk
c:\users\crow1\desktop\unisinos\pg2021-2-main\hellotransforms\debug\hellotransforms.exe
c:\users\crow1\desktop\unisinos\pg2021-2-main\hellotransforms\debug\hellotransforms.pdb
c:\users\crow1\documents\github\pg-2021\hellotransforms\debug\hellotransforms.exe
c:\users\crow1\documents\github\pg-2021\hellotransforms\exercicio7\debug\hellotransforms.ilk
c:\users\crow1\documents\github\pg-2021\hellotransforms\debug\hellotransforms.pdb
c:\users\crow1\documents\github\ga-pg\ga\exercicio7\debug\hellotransforms.ilk
c:\users\crow1\documents\github\ga-pg\ga\debug\hellotransforms.exe
c:\users\crow1\documents\github\ga-pg\ga\debug\hellotransforms.pdb
c:\users\crow1\desktop\ga-pg\ga\exercicio7\debug\hellotransforms.ilk
c:\users\crow1\desktop\ga-pg\ga\debug\hellotransforms.pdb
c:\users\crow1\desktop\ga-pg\ga\debug\hellotransforms.exe
c:\users\crow1\desktop\ga-pg\ga\exercicio7\debug\hellotransforms.tlog\cl.command.1.tlog
c:\users\crow1\desktop\ga-pg\ga\exercicio7\debug\hellotransforms.tlog\cl.read.1.tlog
c:\users\crow1\desktop\ga-pg\ga\exercicio7\debug\hellotransforms.tlog\cl.write.1.tlog
c:\users\crow1\desktop\ga-pg\ga\exercicio7\debug\hellotransforms.tlog\link.command.1.tlog
c:\users\crow1\desktop\ga-pg\ga\exercicio7\debug\hellotransforms.tlog\link.read.1.tlog
c:\users\crow1\desktop\ga-pg\ga\exercicio7\debug\hellotransforms.tlog\link.write.1.tlog
